<?xml version="1.0" encoding="UTF-8"?>
<!-- Generated by org.testng.reporters.JUnitReportReporter -->
<testsuite hostname="DESKTOP-BCN4IQB" failures="0" tests="1" name="script.DemoTest" time="18.988" errors="0" timestamp="2023-05-03T12:14:07 IST" skipped="0">
  <testcase classname="script.DemoTest" name="demoTest1" time="18.988"/>
  <system-out>
    <![CDATA[test data:admin
Google]]>
  </system-out>
</testsuite> <!-- script.DemoTest -->
