<?xml version="1.0" encoding="UTF-8"?>
<!-- Generated by org.testng.reporters.JUnitReportReporter -->
<testsuite hostname="DESKTOP-BCN4IQB" failures="0" tests="1" name="script.DemoTest" time="29.577" errors="0" timestamp="2023-05-04T11:36:25 IST" skipped="0">
  <testcase classname="script.DemoTest" name="demoTest1" time="29.577"/>
  <system-out>
    <![CDATA[test data:admin
Google]]>
  </system-out>
</testsuite> <!-- script.DemoTest -->
